d:\cppprojects\scrollingtext\createwindow\debug\vc142.pdb
d:\cppprojects\scrollingtext\createwindow\debug\vc142.idb
d:\cppprojects\scrollingtext\createwindow\debug\main.obj
d:\cppprojects\scrollingtext\createwindow\debug\vcpkg.applocal.log
d:\cppprojects\scrollingtext\debug\sfml-graphics-d-2.dll
d:\cppprojects\scrollingtext\debug\sfml-window-d-2.dll
d:\cppprojects\scrollingtext\debug\sfml-system-d-2.dll
d:\cppprojects\scrollingtext\debug\freetyped.dll
d:\cppprojects\scrollingtext\debug\zlibd1.dll
d:\cppprojects\scrollingtext\debug\bz2d.dll
d:\cppprojects\scrollingtext\debug\libpng16d.dll
d:\cppprojects\scrollingtext\debug\brotlidec.dll
d:\cppprojects\scrollingtext\debug\brotlicommon.dll
d:\cppprojects\scrollingtext\debug\createwindow.ilk
d:\cppprojects\scrollingtext\debug\createwindow.exe
d:\cppprojects\scrollingtext\debug\createwindow.pdb
d:\cppprojects\scrollingtext\createwindow\debug\createwindow.tlog\cl.command.1.tlog
d:\cppprojects\scrollingtext\createwindow\debug\createwindow.tlog\cl.read.1.tlog
d:\cppprojects\scrollingtext\createwindow\debug\createwindow.tlog\cl.write.1.tlog
d:\cppprojects\scrollingtext\createwindow\debug\createwindow.tlog\createwindow.write.1u.tlog
d:\cppprojects\scrollingtext\createwindow\debug\createwindow.tlog\link.command.1.tlog
d:\cppprojects\scrollingtext\createwindow\debug\createwindow.tlog\link.read.1.tlog
d:\cppprojects\scrollingtext\createwindow\debug\createwindow.tlog\link.write.1.tlog
