d:\cppprojects\scrollingtext\createwindow\release\vc142.pdb
d:\cppprojects\scrollingtext\createwindow\release\main.obj
d:\cppprojects\scrollingtext\release\broadw.ttf
d:\cppprojects\scrollingtext\release\createwindow.ipdb
d:\cppprojects\scrollingtext\release\createwindow.iobj
d:\cppprojects\scrollingtext\createwindow\release\vcpkg.applocal.log
d:\cppprojects\scrollingtext\release\sfml-graphics-2.dll
d:\cppprojects\scrollingtext\release\sfml-window-2.dll
d:\cppprojects\scrollingtext\release\sfml-system-2.dll
d:\cppprojects\scrollingtext\release\freetype.dll
d:\cppprojects\scrollingtext\release\zlib1.dll
d:\cppprojects\scrollingtext\release\bz2.dll
d:\cppprojects\scrollingtext\release\libpng16.dll
d:\cppprojects\scrollingtext\release\brotlidec.dll
d:\cppprojects\scrollingtext\release\brotlicommon.dll
d:\cppprojects\scrollingtext\release\createwindow.exe
d:\cppprojects\scrollingtext\release\createwindow.pdb
d:\cppprojects\scrollingtext\createwindow\release\createwindow.tlog\cl.command.1.tlog
d:\cppprojects\scrollingtext\createwindow\release\createwindow.tlog\cl.read.1.tlog
d:\cppprojects\scrollingtext\createwindow\release\createwindow.tlog\cl.write.1.tlog
d:\cppprojects\scrollingtext\createwindow\release\createwindow.tlog\copyfile.command.1.tlog
d:\cppprojects\scrollingtext\createwindow\release\createwindow.tlog\copyfile.read.1.tlog
d:\cppprojects\scrollingtext\createwindow\release\createwindow.tlog\copyfile.write.1.tlog
d:\cppprojects\scrollingtext\createwindow\release\createwindow.tlog\createwindow.write.1u.tlog
d:\cppprojects\scrollingtext\createwindow\release\createwindow.tlog\link.command.1.tlog
d:\cppprojects\scrollingtext\createwindow\release\createwindow.tlog\link.read.1.tlog
d:\cppprojects\scrollingtext\createwindow\release\createwindow.tlog\link.write.1.tlog
